
Showing logs for build [32mcb-kubecd-environment-pr-169-8-chc2n-1[0m stage [32mfrom-build-pack[0m and container [32mstep-credential-initializer-5p68x[0m
{"level":"warn","ts":1582909053.1212125,"logger":"fallback-logger","caller":"logging/config.go:69","msg":"Fetch GitHub commit ID from kodata failed: \"ref: refs/heads/0.8.0-**-support-backwards-incompats\" is not a valid GitHub commit ID"}
{"level":"info","ts":1582909053.121988,"logger":"fallback-logger","caller":"creds-init/main.go:40","msg":"Credentials initialized."}

Showing logs for build [32mcb-kubecd-environment-pr-169-8-chc2n-1[0m stage [32mfrom-build-pack[0m and container [32mstep-working-dir-initializer-v99b7[0m
{"level":"warn","ts":1582909054.2545414,"logger":"fallback-logger","caller":"logging/config.go:69","msg":"Fetch GitHub commit ID from kodata failed: open /var/run/ko/HEAD: no such file or directory"}
{"level":"info","ts":1582909054.2561235,"logger":"fallback-logger","caller":"bash/main.go:64","msg":"Successfully executed command \"sh -c mkdir -p /workspace/source\"; output "}

Showing logs for build [32mcb-kubecd-environment-pr-169-8-chc2n-1[0m stage [32mfrom-build-pack[0m and container [32mstep-place-tools[0m

Showing logs for build [32mcb-kubecd-environment-pr-169-8-chc2n-1[0m stage [32mfrom-build-pack[0m and container [32mstep-git-source-cb-kubecd-environment-pr-169-8-chc2n-zdsf5[0m
{"level":"warn","ts":1582909059.348022,"logger":"fallback-logger","caller":"logging/config.go:69","msg":"Fetch GitHub commit ID from kodata failed: \"ref: refs/heads/0.8.0-**-support-backwards-incompats\" is not a valid GitHub commit ID"}
{"level":"info","ts":1582909060.4081805,"logger":"fallback-logger","caller":"git/git.go:103","msg":"Successfully cloned https://github.com/cb-kubecd/environment-pr-169-8-gke-upgrade-production.git @ master in path /workspace/source"}

Showing logs for build [32mcb-kubecd-environment-pr-169-8-chc2n-1[0m stage [32mfrom-build-pack[0m and container [32mstep-git-merge[0m
Using SHAs from PULL_REFS=master:e88b6809449124b2616dfda5fc2b6c0c8e52cf4f,1:b85f38aafd6f4eff82d32ed0f5dc9ea0b05186a5
DEBUG: JX_LOG_LEVEL=error LC_ALL=C git fetch origin --unshallow b85f38aafd6f4eff82d32ed0f5dc9ea0b05186a5: e88b6809449124b2616dfda5fc2b6c0c8e52cf4f:
DEBUG: ran git fetch --unshallow origin b85f38aafd6f4eff82d32ed0f5dc9ea0b05186a5: e88b6809449124b2616dfda5fc2b6c0c8e52cf4f: in 
DEBUG: LC_ALL=C JX_LOG_LEVEL=error git branch
DEBUG: JX_LOG_LEVEL=error LC_ALL=C git checkout master
DEBUG: ran git checkout master in 
DEBUG: JX_LOG_LEVEL=error LC_ALL=C git reset --hard e88b6809449124b2616dfda5fc2b6c0c8e52cf4f
DEBUG: ran git reset --hard e88b6809449124b2616dfda5fc2b6c0c8e52cf4f in 
DEBUG: JX_LOG_LEVEL=error LC_ALL=C git clean -fd .
DEBUG: ran clean --force -d . in 
DEBUG: LC_ALL=C JX_LOG_LEVEL=error git merge b85f38aafd6f4eff82d32ed0f5dc9ea0b05186a5
DEBUG: ran git merge b85f38aafd6f4eff82d32ed0f5dc9ea0b05186a5 in 
DEBUG: LC_ALL=C JX_LOG_LEVEL=error git log --format=%H%x1f%an%x1f%ae%x1f%cn%x1f%ce%x1f%s%n%b%x1e e88b6809449124b2616dfda5fc2b6c0c8e52cf4f..HEAD
Merged SHA b85f38aafd6f4eff82d32ed0f5dc9ea0b05186a5 with commit message 'chore: Promote bdd-spring-1582907894 to version 0.0.1' into base branch master

Showing logs for build [32mcb-kubecd-environment-pr-169-8-chc2n-1[0m stage [32mfrom-build-pack[0m and container [32mstep-build-helm-build[0m
WARNING: No $CHART_REPOSITORY defined so using the default value of: http://jenkins-x-chartmuseum:8080
Adding missing Helm repo: storage.googleapis.com https://storage.googleapis.com/chartmuseum.jenkins-x.io
WARNING: No secrets found on "helm/repos" due: reading the secret "helm/repos" from vault: no secret "helm/repos" not found in vault
Read credentials for https://storage.googleapis.com/chartmuseum.jenkins-x.io from vault helm/repos
Successfully added Helm repository storage.googleapis.com.
Adding missing Helm repo: jenkins-x-chartmuseum http://jenkins-x-chartmuseum:8080
WARNING: No secrets found on "helm/repos" due: reading the secret "helm/repos" from vault: no secret "helm/repos" not found in vault
Read credentials for http://jenkins-x-chartmuseum:8080 from vault helm/repos
Successfully added Helm repository jenkins-x-chartmuseum.
WARNING: No $CHART_REPOSITORY defined so using the default value of: http://jenkins-x-chartmuseum:8080
Adding missing Helm repo: chartmuseum.jenkins-x.io http://chartmuseum.jenkins-x.io
WARNING: No secrets found on "helm/repos" due: reading the secret "helm/repos" from vault: no secret "helm/repos" not found in vault
Read credentials for http://chartmuseum.jenkins-x.io from vault helm/repos
Successfully added Helm repository chartmuseum.jenkins-x.io.
